This file contains any messages produced by compilers while
running configure, to aid debugging if configure makes a mistake.

It was created by gflags configure 2.0, which was
generated by GNU Autoconf 2.62.  Invocation command line was

  $ ./configure 

## --------- ##
## Platform. ##
## --------- ##

hostname = shaoguangcsgdeMacBook-Air.local
uname -m = x86_64
uname -r = 15.6.0
uname -s = Darwin
uname -v = Darwin Kernel Version 15.6.0: Thu Jun 23 18:25:34 PDT 2016; root:xnu-3248.60.10~1/RELEASE_X86_64

/usr/bin/uname -p = i386
/bin/uname -X     = unknown

/bin/arch              = unknown
/usr/bin/arch -k       = unknown
/usr/convex/getsysinfo = unknown
/usr/bin/hostinfo      = Mach kernel version:
	 Darwin Kernel Version 15.6.0: Thu Jun 23 18:25:34 PDT 2016; root:xnu-3248.60.10~1/RELEASE_X86_64
Kernel configured for up to 4 processors.
2 processors are physically available.
4 processors are logically available.
Processor type: x86_64h (Intel x86-64h Haswell)
Processors active: 0 1 2 3
Primary memory available: 8.00 gigabytes
Default processor set: 248 tasks, 1291 threads, 4 processors
Load average: 1.61, Mach factor: 2.38
/bin/machine           = unknown
/usr/bin/oslevel       = unknown
/bin/universe          = unknown

PATH: .
PATH: /usr/local/bin
PATH: /usr/bin
PATH: /bin
PATH: /usr/sbin
PATH: /sbin
PATH: /opt/apache-maven-3.0.5/bin
PATH: /opt/odps_clt_release_64/bin
PATH: /Library/Java/JavaVirtualMachines/jdk1.8.0_111.jdk/Contents/Home/bin
PATH: /opt/apache-tomcat-7.0.69/bin
PATH: /opt/scala/bin
PATH: /opt/hadoop-2.6.4/bin
PATH: /opt/hadoop-2.6.4/sbin
PATH: /opt/spark-1.5.1-odps0.26.0//bin
PATH: /Users/cheng/Qt5.6.0/5.6/clang_64/bin


## ----------- ##
## Core tests. ##
## ----------- ##

configure:2110: checking for a BSD-compatible install
configure:2178: result: /usr/bin/install -c
configure:2189: checking whether build environment is sane
configure:2232: result: yes
configure:2257: checking for a thread-safe mkdir -p
configure:2296: result: ./install-sh -c -d
configure:2309: checking for gawk
configure:2339: result: no
configure:2309: checking for mawk
configure:2339: result: no
configure:2309: checking for nawk
configure:2339: result: no
configure:2309: checking for awk
configure:2325: found /usr/bin/awk
configure:2336: result: awk
configure:2347: checking whether make sets $(MAKE)
configure:2369: result: yes
configure:2619: checking for g++
configure:2635: found /usr/bin/g++
configure:2646: result: g++
configure:2677: checking for C++ compiler version
configure:2685: g++ --version >&5
Configured with: --prefix=/Applications/Xcode.app/Contents/Developer/usr --with-gxx-include-dir=/usr/include/c++/4.2.1
Apple LLVM version 8.0.0 (clang-800.0.42.1)
Target: x86_64-apple-darwin15.6.0
Thread model: posix
InstalledDir: /Applications/Xcode.app/Contents/Developer/Toolchains/XcodeDefault.xctoolchain/usr/bin
configure:2689: $? = 0
configure:2696: g++ -v >&5
Configured with: --prefix=/Applications/Xcode.app/Contents/Developer/usr --with-gxx-include-dir=/usr/include/c++/4.2.1
Apple LLVM version 8.0.0 (clang-800.0.42.1)
Target: x86_64-apple-darwin15.6.0
Thread model: posix
InstalledDir: /Applications/Xcode.app/Contents/Developer/Toolchains/XcodeDefault.xctoolchain/usr/bin
configure:2700: $? = 0
configure:2707: g++ -V >&5
clang: error: argument to '-V' is missing (expected 1 value)
clang: error: no input files
configure:2711: $? = 1
configure:2734: checking for C++ compiler default output file name
configure:2756: g++    conftest.cpp  >&5
configure:2760: $? = 0
configure:2798: result: a.out
configure:2815: checking whether the C++ compiler works
configure:2825: ./a.out
configure:2829: $? = 0
configure:2846: result: yes
configure:2853: checking whether we are cross compiling
configure:2855: result: no
configure:2858: checking for suffix of executables
configure:2865: g++ -o conftest    conftest.cpp  >&5
configure:2869: $? = 0
configure:2893: result: 
configure:2899: checking for suffix of object files
configure:2925: g++ -c   conftest.cpp >&5
configure:2929: $? = 0
configure:2952: result: o
configure:2956: checking whether we are using the GNU C++ compiler
configure:2985: g++ -c   conftest.cpp >&5
configure:2992: $? = 0
configure:3009: result: yes
configure:3018: checking whether g++ accepts -g
configure:3048: g++ -c -g  conftest.cpp >&5
configure:3055: $? = 0
configure:3156: result: yes
configure:3190: checking for style of include used by make
configure:3218: result: GNU
configure:3243: checking dependency style of g++
configure:3334: result: gcc3
configure:3397: checking for gcc
configure:3413: found /usr/bin/gcc
configure:3424: result: gcc
configure:3662: checking for C compiler version
configure:3670: gcc --version >&5
Configured with: --prefix=/Applications/Xcode.app/Contents/Developer/usr --with-gxx-include-dir=/usr/include/c++/4.2.1
Apple LLVM version 8.0.0 (clang-800.0.42.1)
Target: x86_64-apple-darwin15.6.0
Thread model: posix
InstalledDir: /Applications/Xcode.app/Contents/Developer/Toolchains/XcodeDefault.xctoolchain/usr/bin
configure:3674: $? = 0
configure:3681: gcc -v >&5
Configured with: --prefix=/Applications/Xcode.app/Contents/Developer/usr --with-gxx-include-dir=/usr/include/c++/4.2.1
Apple LLVM version 8.0.0 (clang-800.0.42.1)
Target: x86_64-apple-darwin15.6.0
Thread model: posix
InstalledDir: /Applications/Xcode.app/Contents/Developer/Toolchains/XcodeDefault.xctoolchain/usr/bin
configure:3685: $? = 0
configure:3692: gcc -V >&5
clang: error: argument to '-V' is missing (expected 1 value)
clang: error: no input files
configure:3696: $? = 1
configure:3699: checking whether we are using the GNU C compiler
configure:3728: gcc -c   conftest.c >&5
configure:3735: $? = 0
configure:3752: result: yes
configure:3761: checking whether gcc accepts -g
configure:3791: gcc -c -g  conftest.c >&5
configure:3798: $? = 0
configure:3899: result: yes
configure:3916: checking for gcc option to accept ISO C89
configure:3990: gcc  -c -g -O2  conftest.c >&5
configure:3997: $? = 0
configure:4020: result: none needed
configure:4040: checking dependency style of gcc
configure:4131: result: gcc3
configure:4151: checking how to run the C preprocessor
configure:4191: gcc -E  conftest.c
configure:4198: $? = 0
configure:4229: gcc -E  conftest.c
conftest.c:10:10: fatal error: 'ac_nonexistent.h' file not found
#include <ac_nonexistent.h>
         ^
1 error generated.
configure:4236: $? = 1
configure: failed program was:
| /* confdefs.h.  */
| #define PACKAGE_NAME "gflags"
| #define PACKAGE_TARNAME "gflags"
| #define PACKAGE_VERSION "2.0"
| #define PACKAGE_STRING "gflags 2.0"
| #define PACKAGE_BUGREPORT "google-gflags@googlegroups.com"
| #define PACKAGE "gflags"
| #define VERSION "2.0"
| /* end confdefs.h.  */
| #include <ac_nonexistent.h>
configure:4269: result: gcc -E
configure:4298: gcc -E  conftest.c
configure:4305: $? = 0
configure:4336: gcc -E  conftest.c
conftest.c:10:10: fatal error: 'ac_nonexistent.h' file not found
#include <ac_nonexistent.h>
         ^
1 error generated.
configure:4343: $? = 1
configure: failed program was:
| /* confdefs.h.  */
| #define PACKAGE_NAME "gflags"
| #define PACKAGE_TARNAME "gflags"
| #define PACKAGE_VERSION "2.0"
| #define PACKAGE_STRING "gflags 2.0"
| #define PACKAGE_BUGREPORT "google-gflags@googlegroups.com"
| #define PACKAGE "gflags"
| #define VERSION "2.0"
| /* end confdefs.h.  */
| #include <ac_nonexistent.h>
configure:4394: checking build system type
configure:4412: result: i386-apple-darwin15.6.0
configure:4434: checking host system type
configure:4449: result: i386-apple-darwin15.6.0
configure:4479: checking host system type
configure:4494: result: i386-apple-darwin15.6.0
configure:4616: checking for a sed that does not truncate output
configure:4682: result: /usr/bin/sed
configure:4700: checking for grep that handles long lines and -e
configure:4760: result: /usr/bin/grep
configure:4765: checking for egrep
configure:4829: result: /usr/bin/grep -E
configure:4834: checking for fgrep
configure:4898: result: /usr/bin/grep -F
configure:4933: checking for ld used by gcc
configure:5000: result: /Applications/Xcode.app/Contents/Developer/Toolchains/XcodeDefault.xctoolchain/usr/bin/ld
configure:5009: checking if the linker (/Applications/Xcode.app/Contents/Developer/Toolchains/XcodeDefault.xctoolchain/usr/bin/ld) is GNU ld
configure:5024: result: no
configure:5036: checking for BSD- or MS-compatible name lister (nm)
configure:5085: result: /usr/bin/nm -B
configure:5207: checking the name lister (/usr/bin/nm -B) interface
configure:5214: gcc -c -g -O2  conftest.c >&5
configure:5217: /usr/bin/nm -B "conftest.o"
configure:5220: output
0000000000000228 S _some_variable
configure:5227: result: BSD nm
configure:5230: checking whether ln -s works
configure:5234: result: yes
configure:5242: checking the maximum length of command line arguments
configure:5362: result: 196608
configure:5379: checking whether the shell understands some XSI constructs
configure:5389: result: yes
configure:5393: checking whether the shell understands "+="
configure:5399: result: yes
configure:5434: checking for /Applications/Xcode.app/Contents/Developer/Toolchains/XcodeDefault.xctoolchain/usr/bin/ld option to reload object files
configure:5441: result: -r
configure:5510: checking for objdump
configure:5540: result: no
configure:5573: checking how to recognize dependent libraries
configure:5769: result: pass_all
configure:5829: checking for ar
configure:5845: found /usr/bin/ar
configure:5856: result: ar
configure:5938: checking for strip
configure:5954: found /usr/bin/strip
configure:5965: result: strip
configure:6041: checking for ranlib
configure:6057: found /usr/bin/ranlib
configure:6068: result: ranlib
configure:6162: checking command to parse /usr/bin/nm -B output from gcc object
configure:6280: gcc -c -g -O2  conftest.c >&5
configure:6283: $? = 0
configure:6287: /usr/bin/nm -B conftest.o \| sed -n -e 's/^.*[	 ]\([BCDEGRST][BCDEGRST]*\)[	 ][	 ]*\([_A-Za-z][_A-Za-z0-9]*\)$/\1 \2 \2/p' \> conftest.nm
configure:6290: $? = 0
cannot find nm_test_var in conftest.nm
configure:6280: gcc -c -g -O2  conftest.c >&5
configure:6283: $? = 0
configure:6287: /usr/bin/nm -B conftest.o \| sed -n -e 's/^.*[	 ]\([BCDEGRST][BCDEGRST]*\)[	 ][	 ]*_\([_A-Za-z][_A-Za-z0-9]*\)$/\1 _\2 \2/p' \> conftest.nm
configure:6290: $? = 0
configure:6344: gcc -o conftest -g -O2   conftest.c conftstm.o >&5
warning: (x86_64)  could not find object file symbol for symbol _main
configure:6347: $? = 0
configure:6385: result: ok
configure:6679: checking for dsymutil
configure:6695: found /usr/bin/dsymutil
configure:6706: result: dsymutil
configure:6775: checking for nmedit
configure:6791: found /usr/bin/nmedit
configure:6802: result: nmedit
configure:6871: checking for lipo
configure:6887: found /usr/bin/lipo
configure:6898: result: lipo
configure:6967: checking for otool
configure:6983: found /usr/bin/otool
configure:6994: result: otool
configure:7063: checking for otool64
configure:7093: result: no
configure:7142: checking for -single_module linker flag
gcc -g -O2  -o libconftest.dylib -dynamiclib -Wl,-single_module conftest.c
configure:7169: result: yes
configure:7171: checking for -exported_symbols_list linker flag
configure:7201: gcc -o conftest -g -O2   -Wl,-exported_symbols_list,conftest.sym conftest.c  >&5
configure:7208: $? = 0
configure:7230: result: yes
configure:7268: checking for ANSI C header files
configure:7298: gcc -c -g -O2  conftest.c >&5
configure:7305: $? = 0
configure:7404: gcc -o conftest -g -O2   conftest.c  >&5
configure:7408: $? = 0
configure:7414: ./conftest
configure:7418: $? = 0
configure:7436: result: yes
configure:7460: checking for sys/types.h
configure:7481: gcc -c -g -O2  conftest.c >&5
configure:7488: $? = 0
configure:7505: result: yes
configure:7460: checking for sys/stat.h
configure:7481: gcc -c -g -O2  conftest.c >&5
configure:7488: $? = 0
configure:7505: result: yes
configure:7460: checking for stdlib.h
configure:7481: gcc -c -g -O2  conftest.c >&5
configure:7488: $? = 0
configure:7505: result: yes
configure:7460: checking for string.h
configure:7481: gcc -c -g -O2  conftest.c >&5
configure:7488: $? = 0
configure:7505: result: yes
configure:7460: checking for memory.h
configure:7481: gcc -c -g -O2  conftest.c >&5
configure:7488: $? = 0
configure:7505: result: yes
configure:7460: checking for strings.h
configure:7481: gcc -c -g -O2  conftest.c >&5
configure:7488: $? = 0
configure:7505: result: yes
configure:7460: checking for inttypes.h
configure:7481: gcc -c -g -O2  conftest.c >&5
configure:7488: $? = 0
configure:7505: result: yes
configure:7460: checking for stdint.h
configure:7481: gcc -c -g -O2  conftest.c >&5
configure:7488: $? = 0
configure:7505: result: yes
configure:7460: checking for unistd.h
configure:7481: gcc -c -g -O2  conftest.c >&5
configure:7488: $? = 0
configure:7505: result: yes
configure:7522: checking for dlfcn.h
configure:7543: gcc -c -g -O2  conftest.c >&5
configure:7550: $? = 0
configure:7567: result: yes
configure:7697: checking for C++ compiler version
configure:7705: g++ --version >&5
Configured with: --prefix=/Applications/Xcode.app/Contents/Developer/usr --with-gxx-include-dir=/usr/include/c++/4.2.1
Apple LLVM version 8.0.0 (clang-800.0.42.1)
Target: x86_64-apple-darwin15.6.0
Thread model: posix
InstalledDir: /Applications/Xcode.app/Contents/Developer/Toolchains/XcodeDefault.xctoolchain/usr/bin
configure:7709: $? = 0
configure:7716: g++ -v >&5
Configured with: --prefix=/Applications/Xcode.app/Contents/Developer/usr --with-gxx-include-dir=/usr/include/c++/4.2.1
Apple LLVM version 8.0.0 (clang-800.0.42.1)
Target: x86_64-apple-darwin15.6.0
Thread model: posix
InstalledDir: /Applications/Xcode.app/Contents/Developer/Toolchains/XcodeDefault.xctoolchain/usr/bin
configure:7720: $? = 0
configure:7727: g++ -V >&5
clang: error: argument to '-V' is missing (expected 1 value)
clang: error: no input files
configure:7731: $? = 1
configure:7734: checking whether we are using the GNU C++ compiler
configure:7787: result: yes
configure:7796: checking whether g++ accepts -g
configure:7934: result: yes
configure:7959: checking dependency style of g++
configure:8050: result: gcc3
configure:8073: checking how to run the C++ preprocessor
configure:8109: g++ -E  conftest.cpp
configure:8116: $? = 0
configure:8147: g++ -E  conftest.cpp
conftest.cpp:21:10: fatal error: 'ac_nonexistent.h' file not found
#include <ac_nonexistent.h>
         ^
1 error generated.
configure:8154: $? = 1
configure: failed program was:
| /* confdefs.h.  */
| #define PACKAGE_NAME "gflags"
| #define PACKAGE_TARNAME "gflags"
| #define PACKAGE_VERSION "2.0"
| #define PACKAGE_STRING "gflags 2.0"
| #define PACKAGE_BUGREPORT "google-gflags@googlegroups.com"
| #define PACKAGE "gflags"
| #define VERSION "2.0"
| #define STDC_HEADERS 1
| #define HAVE_SYS_TYPES_H 1
| #define HAVE_SYS_STAT_H 1
| #define HAVE_STDLIB_H 1
| #define HAVE_STRING_H 1
| #define HAVE_MEMORY_H 1
| #define HAVE_STRINGS_H 1
| #define HAVE_INTTYPES_H 1
| #define HAVE_STDINT_H 1
| #define HAVE_UNISTD_H 1
| #define HAVE_DLFCN_H 1
| /* end confdefs.h.  */
| #include <ac_nonexistent.h>
configure:8187: result: g++ -E
configure:8216: g++ -E  conftest.cpp
configure:8223: $? = 0
configure:8254: g++ -E  conftest.cpp
conftest.cpp:21:10: fatal error: 'ac_nonexistent.h' file not found
#include <ac_nonexistent.h>
         ^
1 error generated.
configure:8261: $? = 1
configure: failed program was:
| /* confdefs.h.  */
| #define PACKAGE_NAME "gflags"
| #define PACKAGE_TARNAME "gflags"
| #define PACKAGE_VERSION "2.0"
| #define PACKAGE_STRING "gflags 2.0"
| #define PACKAGE_BUGREPORT "google-gflags@googlegroups.com"
| #define PACKAGE "gflags"
| #define VERSION "2.0"
| #define STDC_HEADERS 1
| #define HAVE_SYS_TYPES_H 1
| #define HAVE_SYS_STAT_H 1
| #define HAVE_STDLIB_H 1
| #define HAVE_STRING_H 1
| #define HAVE_MEMORY_H 1
| #define HAVE_STRINGS_H 1
| #define HAVE_INTTYPES_H 1
| #define HAVE_STDINT_H 1
| #define HAVE_UNISTD_H 1
| #define HAVE_DLFCN_H 1
| /* end confdefs.h.  */
| #include <ac_nonexistent.h>
configure:8444: checking for objdir
configure:8459: result: .libs
configure:8755: checking if gcc supports -fno-rtti -fno-exceptions
configure:8773: gcc -c -g -O2  -fno-rtti -fno-exceptions conftest.c >&5
configure:8777: $? = 0
configure:8790: result: yes
configure:8810: checking for gcc option to produce PIC
configure:9082: result: -fno-common -DPIC
configure:9094: checking if gcc PIC flag -fno-common -DPIC works
configure:9112: gcc -c -g -O2  -fno-common -DPIC -DPIC conftest.c >&5
configure:9116: $? = 0
configure:9129: result: yes
configure:9153: checking if gcc static flag -static works
configure:9181: result: no
configure:9196: checking if gcc supports -c -o file.o
configure:9217: gcc -c -g -O2  -o out/conftest2.o conftest.c >&5
configure:9221: $? = 0
configure:9243: result: yes
configure:9251: checking if gcc supports -c -o file.o
configure:9298: result: yes
configure:9331: checking whether the gcc linker (/Applications/Xcode.app/Contents/Developer/Toolchains/XcodeDefault.xctoolchain/usr/bin/ld) supports shared libraries
configure:10410: result: yes
configure:10649: checking dynamic linker characteristics
configure:11344: result: darwin15.6.0 dyld
configure:11446: checking how to hardcode library paths into programs
configure:11471: result: immediate
configure:12304: checking whether stripping libraries is possible
configure:12318: result: yes
configure:12344: checking if libtool supports shared libraries
configure:12346: result: yes
configure:12349: checking whether to build shared libraries
configure:12370: result: yes
configure:12373: checking whether to build static libraries
configure:12377: result: yes
configure:12527: checking for ld used by g++
configure:12594: result: /Applications/Xcode.app/Contents/Developer/Toolchains/XcodeDefault.xctoolchain/usr/bin/ld
configure:12603: checking if the linker (/Applications/Xcode.app/Contents/Developer/Toolchains/XcodeDefault.xctoolchain/usr/bin/ld) is GNU ld
configure:12618: result: no
configure:12673: checking whether the g++ linker (/Applications/Xcode.app/Contents/Developer/Toolchains/XcodeDefault.xctoolchain/usr/bin/ld) supports shared libraries
configure:13648: result: yes
configure:13676: g++ -c -g -O2  conftest.cpp >&5
configure:13679: $? = 0
configure:13861: checking for g++ option to produce PIC
configure:14178: result: -fno-common -DPIC
configure:14187: checking if g++ PIC flag -fno-common -DPIC works
configure:14205: g++ -c -g -O2  -fno-common -DPIC -DPIC conftest.cpp >&5
configure:14209: $? = 0
configure:14222: result: yes
configure:14243: checking if g++ static flag -static works
configure:14271: result: no
configure:14283: checking if g++ supports -c -o file.o
configure:14304: g++ -c -g -O2  -o out/conftest2.o conftest.cpp >&5
configure:14308: $? = 0
configure:14330: result: yes
configure:14335: checking if g++ supports -c -o file.o
configure:14382: result: yes
configure:14412: checking whether the g++ linker (/Applications/Xcode.app/Contents/Developer/Toolchains/XcodeDefault.xctoolchain/usr/bin/ld) supports shared libraries
configure:14441: result: yes
configure:14578: checking dynamic linker characteristics
configure:15221: result: darwin15.6.0 dyld
configure:15272: checking how to hardcode library paths into programs
configure:15297: result: immediate
configure:15359: checking for ANSI C header files
configure:15527: result: yes
configure:15540: checking for stdint.h
configure:15545: result: yes
configure:15679: checking for sys/types.h
configure:15684: result: yes
configure:15818: checking for inttypes.h
configure:15823: result: yes
configure:15972: checking fnmatch.h usability
configure:15989: gcc -c -g -O2  conftest.c >&5
configure:15996: $? = 0
configure:16010: result: yes
configure:16014: checking fnmatch.h presence
configure:16029: gcc -E  conftest.c
configure:16036: $? = 0
configure:16050: result: yes
configure:16083: checking for fnmatch.h
configure:16092: result: yes
configure:16111: checking for sys/stat.h
configure:16118: result: yes
configure:16261: checking for unistd.h
configure:16268: result: yes
configure:16409: checking for uint16_t
configure:16437: gcc -c -g -O2  conftest.c >&5
configure:16444: $? = 0
configure:16471: gcc -c -g -O2  conftest.c >&5
conftest.c:62:23: error: expected expression
if (sizeof ((uint16_t)))
                      ^
1 error generated.
configure:16478: $? = 1
configure: failed program was:
| /* confdefs.h.  */
| #define PACKAGE_NAME "gflags"
| #define PACKAGE_TARNAME "gflags"
| #define PACKAGE_VERSION "2.0"
| #define PACKAGE_STRING "gflags 2.0"
| #define PACKAGE_BUGREPORT "google-gflags@googlegroups.com"
| #define PACKAGE "gflags"
| #define VERSION "2.0"
| #define STDC_HEADERS 1
| #define HAVE_SYS_TYPES_H 1
| #define HAVE_SYS_STAT_H 1
| #define HAVE_STDLIB_H 1
| #define HAVE_STRING_H 1
| #define HAVE_MEMORY_H 1
| #define HAVE_STRINGS_H 1
| #define HAVE_INTTYPES_H 1
| #define HAVE_STDINT_H 1
| #define HAVE_UNISTD_H 1
| #define HAVE_DLFCN_H 1
| #define LT_OBJDIR ".libs/"
| #define STDC_HEADERS 1
| #define HAVE_FNMATCH_H 1
| #define HAVE_SYS_STAT_H 1
| #define HAVE_UNISTD_H 1
| /* end confdefs.h.  */
| #include <stdio.h>
| #ifdef HAVE_SYS_TYPES_H
| # include <sys/types.h>
| #endif
| #ifdef HAVE_SYS_STAT_H
| # include <sys/stat.h>
| #endif
| #ifdef STDC_HEADERS
| # include <stdlib.h>
| # include <stddef.h>
| #else
| # ifdef HAVE_STDLIB_H
| #  include <stdlib.h>
| # endif
| #endif
| #ifdef HAVE_STRING_H
| # if !defined STDC_HEADERS && defined HAVE_MEMORY_H
| #  include <memory.h>
| # endif
| # include <string.h>
| #endif
| #ifdef HAVE_STRINGS_H
| # include <strings.h>
| #endif
| #ifdef HAVE_INTTYPES_H
| # include <inttypes.h>
| #endif
| #ifdef HAVE_STDINT_H
| # include <stdint.h>
| #endif
| #ifdef HAVE_UNISTD_H
| # include <unistd.h>
| #endif
| int
| main ()
| {
| if (sizeof ((uint16_t)))
| 	  return 0;
|   ;
|   return 0;
| }
configure:16501: result: yes
configure:16509: checking for u_int16_t
configure:16537: gcc -c -g -O2  conftest.c >&5
configure:16544: $? = 0
configure:16571: gcc -c -g -O2  conftest.c >&5
conftest.c:62:24: error: expected expression
if (sizeof ((u_int16_t)))
                       ^
1 error generated.
configure:16578: $? = 1
configure: failed program was:
| /* confdefs.h.  */
| #define PACKAGE_NAME "gflags"
| #define PACKAGE_TARNAME "gflags"
| #define PACKAGE_VERSION "2.0"
| #define PACKAGE_STRING "gflags 2.0"
| #define PACKAGE_BUGREPORT "google-gflags@googlegroups.com"
| #define PACKAGE "gflags"
| #define VERSION "2.0"
| #define STDC_HEADERS 1
| #define HAVE_SYS_TYPES_H 1
| #define HAVE_SYS_STAT_H 1
| #define HAVE_STDLIB_H 1
| #define HAVE_STRING_H 1
| #define HAVE_MEMORY_H 1
| #define HAVE_STRINGS_H 1
| #define HAVE_INTTYPES_H 1
| #define HAVE_STDINT_H 1
| #define HAVE_UNISTD_H 1
| #define HAVE_DLFCN_H 1
| #define LT_OBJDIR ".libs/"
| #define STDC_HEADERS 1
| #define HAVE_FNMATCH_H 1
| #define HAVE_SYS_STAT_H 1
| #define HAVE_UNISTD_H 1
| /* end confdefs.h.  */
| #include <stdio.h>
| #ifdef HAVE_SYS_TYPES_H
| # include <sys/types.h>
| #endif
| #ifdef HAVE_SYS_STAT_H
| # include <sys/stat.h>
| #endif
| #ifdef STDC_HEADERS
| # include <stdlib.h>
| # include <stddef.h>
| #else
| # ifdef HAVE_STDLIB_H
| #  include <stdlib.h>
| # endif
| #endif
| #ifdef HAVE_STRING_H
| # if !defined STDC_HEADERS && defined HAVE_MEMORY_H
| #  include <memory.h>
| # endif
| # include <string.h>
| #endif
| #ifdef HAVE_STRINGS_H
| # include <strings.h>
| #endif
| #ifdef HAVE_INTTYPES_H
| # include <inttypes.h>
| #endif
| #ifdef HAVE_STDINT_H
| # include <stdint.h>
| #endif
| #ifdef HAVE_UNISTD_H
| # include <unistd.h>
| #endif
| int
| main ()
| {
| if (sizeof ((u_int16_t)))
| 	  return 0;
|   ;
|   return 0;
| }
configure:16601: result: yes
configure:16609: checking for __int16
configure:16637: gcc -c -g -O2  conftest.c >&5
conftest.c:62:13: error: use of undeclared identifier '__int16'
if (sizeof (__int16))
            ^
1 error generated.
configure:16644: $? = 1
configure: failed program was:
| /* confdefs.h.  */
| #define PACKAGE_NAME "gflags"
| #define PACKAGE_TARNAME "gflags"
| #define PACKAGE_VERSION "2.0"
| #define PACKAGE_STRING "gflags 2.0"
| #define PACKAGE_BUGREPORT "google-gflags@googlegroups.com"
| #define PACKAGE "gflags"
| #define VERSION "2.0"
| #define STDC_HEADERS 1
| #define HAVE_SYS_TYPES_H 1
| #define HAVE_SYS_STAT_H 1
| #define HAVE_STDLIB_H 1
| #define HAVE_STRING_H 1
| #define HAVE_MEMORY_H 1
| #define HAVE_STRINGS_H 1
| #define HAVE_INTTYPES_H 1
| #define HAVE_STDINT_H 1
| #define HAVE_UNISTD_H 1
| #define HAVE_DLFCN_H 1
| #define LT_OBJDIR ".libs/"
| #define STDC_HEADERS 1
| #define HAVE_FNMATCH_H 1
| #define HAVE_SYS_STAT_H 1
| #define HAVE_UNISTD_H 1
| /* end confdefs.h.  */
| #include <stdio.h>
| #ifdef HAVE_SYS_TYPES_H
| # include <sys/types.h>
| #endif
| #ifdef HAVE_SYS_STAT_H
| # include <sys/stat.h>
| #endif
| #ifdef STDC_HEADERS
| # include <stdlib.h>
| # include <stddef.h>
| #else
| # ifdef HAVE_STDLIB_H
| #  include <stdlib.h>
| # endif
| #endif
| #ifdef HAVE_STRING_H
| # if !defined STDC_HEADERS && defined HAVE_MEMORY_H
| #  include <memory.h>
| # endif
| # include <string.h>
| #endif
| #ifdef HAVE_STRINGS_H
| # include <strings.h>
| #endif
| #ifdef HAVE_INTTYPES_H
| # include <inttypes.h>
| #endif
| #ifdef HAVE_STDINT_H
| # include <stdint.h>
| #endif
| #ifdef HAVE_UNISTD_H
| # include <unistd.h>
| #endif
| int
| main ()
| {
| if (sizeof (__int16))
|        return 0;
|   ;
|   return 0;
| }
configure:16701: result: no
configure:16715: checking for strtoll
configure:16771: gcc -o conftest -g -O2   conftest.c  >&5
configure:16778: $? = 0
configure:16800: result: yes
configure:16715: checking for strtoq
configure:16771: gcc -o conftest -g -O2   conftest.c  >&5
configure:16778: $? = 0
configure:16800: result: yes
configure:16813: checking for __attribute__
configure:16842: gcc -c -g -O2  conftest.c >&5
configure:16849: $? = 0
configure:16873: result: yes
configure:17079: checking for the pthreads library -lpthreads
configure:17122: gcc -o conftest -g -O2    conftest.c -lpthreads  >&5
ld: library not found for -lpthreads
clang: error: linker command failed with exit code 1 (use -v to see invocation)
configure:17129: $? = 1
configure: failed program was:
| /* confdefs.h.  */
| #define PACKAGE_NAME "gflags"
| #define PACKAGE_TARNAME "gflags"
| #define PACKAGE_VERSION "2.0"
| #define PACKAGE_STRING "gflags 2.0"
| #define PACKAGE_BUGREPORT "google-gflags@googlegroups.com"
| #define PACKAGE "gflags"
| #define VERSION "2.0"
| #define STDC_HEADERS 1
| #define HAVE_SYS_TYPES_H 1
| #define HAVE_SYS_STAT_H 1
| #define HAVE_STDLIB_H 1
| #define HAVE_STRING_H 1
| #define HAVE_MEMORY_H 1
| #define HAVE_STRINGS_H 1
| #define HAVE_INTTYPES_H 1
| #define HAVE_STDINT_H 1
| #define HAVE_UNISTD_H 1
| #define HAVE_DLFCN_H 1
| #define LT_OBJDIR ".libs/"
| #define STDC_HEADERS 1
| #define HAVE_FNMATCH_H 1
| #define HAVE_SYS_STAT_H 1
| #define HAVE_UNISTD_H 1
| #define HAVE_STRTOLL 1
| #define HAVE_STRTOQ 1
| #define HAVE___ATTRIBUTE__ 1
| /* end confdefs.h.  */
| #include <pthread.h>
| int
| main ()
| {
| pthread_t th; pthread_join(th, 0);
|                      pthread_attr_init(0); pthread_cleanup_push(0, 0);
|                      pthread_create(0,0,0,0); pthread_cleanup_pop(0);
|   ;
|   return 0;
| }
configure:17152: result: no
configure:17024: checking whether pthreads work without any flags
configure:17122: gcc -o conftest -g -O2    conftest.c   >&5
configure:17129: $? = 0
configure:17152: result: yes
configure:17171: checking for joinable pthread attribute
configure:17196: gcc -o conftest -g -O2    conftest.c   >&5
configure:17203: $? = 0
configure:17223: result: PTHREAD_CREATE_JOINABLE
configure:17233: checking if more special flags are required for pthreads
configure:17240: result: -D_THREAD_SAFE
configure:17329: checking whether to check for GCC pthread/shared inconsistencies
configure:17352: gcc -o conftest -shared -fPIC -Wl,-z,defs -g -O2 -D_THREAD_SAFE    conftest.c   >&5
ld: unknown option: -z
clang: error: linker command failed with exit code 1 (use -v to see invocation)
configure:17359: $? = 1
configure: failed program was:
| /* confdefs.h.  */
| #define PACKAGE_NAME "gflags"
| #define PACKAGE_TARNAME "gflags"
| #define PACKAGE_VERSION "2.0"
| #define PACKAGE_STRING "gflags 2.0"
| #define PACKAGE_BUGREPORT "google-gflags@googlegroups.com"
| #define PACKAGE "gflags"
| #define VERSION "2.0"
| #define STDC_HEADERS 1
| #define HAVE_SYS_TYPES_H 1
| #define HAVE_SYS_STAT_H 1
| #define HAVE_STDLIB_H 1
| #define HAVE_STRING_H 1
| #define HAVE_MEMORY_H 1
| #define HAVE_STRINGS_H 1
| #define HAVE_INTTYPES_H 1
| #define HAVE_STDINT_H 1
| #define HAVE_UNISTD_H 1
| #define HAVE_DLFCN_H 1
| #define LT_OBJDIR ".libs/"
| #define STDC_HEADERS 1
| #define HAVE_FNMATCH_H 1
| #define HAVE_SYS_STAT_H 1
| #define HAVE_UNISTD_H 1
| #define HAVE_STRTOLL 1
| #define HAVE_STRTOQ 1
| #define HAVE___ATTRIBUTE__ 1
| /* end confdefs.h.  */
| 
| int
| main ()
| {
| 
|   ;
|   return 0;
| }
configure:17380: result: no
configure:17592: checking whether what we have so far is sufficient with -nostdlib
configure:17620: gcc -o conftest -nostdlib -shared -fPIC -Wl,-z,defs -g -O2 -D_THREAD_SAFE    conftest.c   -lc >&5
ld: unknown option: -z
clang: error: linker command failed with exit code 1 (use -v to see invocation)
configure:17627: $? = 1
configure: failed program was:
| /* confdefs.h.  */
| #define PACKAGE_NAME "gflags"
| #define PACKAGE_TARNAME "gflags"
| #define PACKAGE_VERSION "2.0"
| #define PACKAGE_STRING "gflags 2.0"
| #define PACKAGE_BUGREPORT "google-gflags@googlegroups.com"
| #define PACKAGE "gflags"
| #define VERSION "2.0"
| #define STDC_HEADERS 1
| #define HAVE_SYS_TYPES_H 1
| #define HAVE_SYS_STAT_H 1
| #define HAVE_STDLIB_H 1
| #define HAVE_STRING_H 1
| #define HAVE_MEMORY_H 1
| #define HAVE_STRINGS_H 1
| #define HAVE_INTTYPES_H 1
| #define HAVE_STDINT_H 1
| #define HAVE_UNISTD_H 1
| #define HAVE_DLFCN_H 1
| #define LT_OBJDIR ".libs/"
| #define STDC_HEADERS 1
| #define HAVE_FNMATCH_H 1
| #define HAVE_SYS_STAT_H 1
| #define HAVE_UNISTD_H 1
| #define HAVE_STRTOLL 1
| #define HAVE_STRTOQ 1
| #define HAVE___ATTRIBUTE__ 1
| /* end confdefs.h.  */
| #include <pthread.h>
| int
| main ()
| {
| pthread_t th; pthread_join(th, 0);
| 	       pthread_attr_init(0); pthread_cleanup_push(0, 0);
| 	       pthread_create(0,0,0,0); pthread_cleanup_pop(0);
|   ;
|   return 0;
| }
configure:17651: result: no
configure:17656: checking whether -lpthread saves the day
configure:17682: gcc -o conftest -nostdlib -shared -fPIC -Wl,-z,defs -g -O2 -D_THREAD_SAFE    conftest.c -lpthread   -lc >&5
ld: unknown option: -z
clang: error: linker command failed with exit code 1 (use -v to see invocation)
configure:17689: $? = 1
configure: failed program was:
| /* confdefs.h.  */
| #define PACKAGE_NAME "gflags"
| #define PACKAGE_TARNAME "gflags"
| #define PACKAGE_VERSION "2.0"
| #define PACKAGE_STRING "gflags 2.0"
| #define PACKAGE_BUGREPORT "google-gflags@googlegroups.com"
| #define PACKAGE "gflags"
| #define VERSION "2.0"
| #define STDC_HEADERS 1
| #define HAVE_SYS_TYPES_H 1
| #define HAVE_SYS_STAT_H 1
| #define HAVE_STDLIB_H 1
| #define HAVE_STRING_H 1
| #define HAVE_MEMORY_H 1
| #define HAVE_STRINGS_H 1
| #define HAVE_INTTYPES_H 1
| #define HAVE_STDINT_H 1
| #define HAVE_UNISTD_H 1
| #define HAVE_DLFCN_H 1
| #define LT_OBJDIR ".libs/"
| #define STDC_HEADERS 1
| #define HAVE_FNMATCH_H 1
| #define HAVE_SYS_STAT_H 1
| #define HAVE_UNISTD_H 1
| #define HAVE_STRTOLL 1
| #define HAVE_STRTOQ 1
| #define HAVE___ATTRIBUTE__ 1
| /* end confdefs.h.  */
| #include <pthread.h>
| int
| main ()
| {
| pthread_t th; pthread_join(th, 0);
| 	       pthread_attr_init(0); pthread_cleanup_push(0, 0);
| 	       pthread_create(0,0,0,0); pthread_cleanup_pop(0);
|   ;
|   return 0;
| }
configure:17714: result: no
configure:17716: WARNING: Impossible to determine how to use pthreads with shared libraries and -nostdlib
configure:17754: checking whether the compiler implements namespaces
configure:17788: g++ -c -g -O2  conftest.cpp >&5
configure:17795: $? = 0
configure:17816: result: yes
configure:17825: checking what namespace STL code is in
configure:17859: g++ -c -g -O2  conftest.cpp >&5
conftest.cpp:35:1: error: no template named 'vector'; did you mean 'std::vector'?
vector<int> t; return 0;
^~~~~~
std::vector
/Applications/Xcode.app/Contents/Developer/Toolchains/XcodeDefault.xctoolchain/usr/bin/../include/c++/v1/vector:457:29: note: 'std::vector' declared here
class _LIBCPP_TYPE_VIS_ONLY vector
                            ^
1 error generated.
configure:17866: $? = 1
configure: failed program was:
| /* confdefs.h.  */
| #define PACKAGE_NAME "gflags"
| #define PACKAGE_TARNAME "gflags"
| #define PACKAGE_VERSION "2.0"
| #define PACKAGE_STRING "gflags 2.0"
| #define PACKAGE_BUGREPORT "google-gflags@googlegroups.com"
| #define PACKAGE "gflags"
| #define VERSION "2.0"
| #define STDC_HEADERS 1
| #define HAVE_SYS_TYPES_H 1
| #define HAVE_SYS_STAT_H 1
| #define HAVE_STDLIB_H 1
| #define HAVE_STRING_H 1
| #define HAVE_MEMORY_H 1
| #define HAVE_STRINGS_H 1
| #define HAVE_INTTYPES_H 1
| #define HAVE_STDINT_H 1
| #define HAVE_UNISTD_H 1
| #define HAVE_DLFCN_H 1
| #define LT_OBJDIR ".libs/"
| #define STDC_HEADERS 1
| #define HAVE_FNMATCH_H 1
| #define HAVE_SYS_STAT_H 1
| #define HAVE_UNISTD_H 1
| #define HAVE_STRTOLL 1
| #define HAVE_STRTOQ 1
| #define HAVE___ATTRIBUTE__ 1
| #define HAVE_PTHREAD 1
| #define HAVE_NAMESPACES 1
| /* end confdefs.h.  */
| #include <vector>
| int
| main ()
| {
| vector<int> t; return 0;
|   ;
|   return 0;
| }
configure:17901: g++ -c -g -O2  conftest.cpp >&5
configure:17908: $? = 0
configure:17929: result: std
configure:18156: creating ./config.status

## ---------------------- ##
## Running config.status. ##
## ---------------------- ##

This file was extended by gflags config.status 2.0, which was
generated by GNU Autoconf 2.62.  Invocation command line was

  CONFIG_FILES    = 
  CONFIG_HEADERS  = 
  CONFIG_LINKS    = 
  CONFIG_COMMANDS = 
  $ ./config.status 

on shaoguangcsgdeMacBook-Air.local

config.status:1076: creating Makefile
config.status:1076: creating src/gflags/gflags.h
config.status:1076: creating src/gflags/gflags_declare.h
config.status:1076: creating src/gflags/gflags_completions.h
config.status:1076: creating src/config.h
config.status:1350: executing depfiles commands
config.status:1350: executing libtool commands

## ---------------- ##
## Cache variables. ##
## ---------------- ##

ac_cv___attribute__=yes
ac_cv___attribute__unused='__attribute__ ((unused))'
ac_cv_build=i386-apple-darwin15.6.0
ac_cv_c_compiler_gnu=yes
ac_cv_cxx_compiler_gnu=yes
ac_cv_cxx_namespaces=yes
ac_cv_cxx_stl_namespace=std
ac_cv_env_CCC_set=
ac_cv_env_CCC_value=
ac_cv_env_CC_set=
ac_cv_env_CC_value=
ac_cv_env_CFLAGS_set=
ac_cv_env_CFLAGS_value=
ac_cv_env_CPPFLAGS_set=
ac_cv_env_CPPFLAGS_value=
ac_cv_env_CPP_set=
ac_cv_env_CPP_value=
ac_cv_env_CXXCPP_set=
ac_cv_env_CXXCPP_value=
ac_cv_env_CXXFLAGS_set=
ac_cv_env_CXXFLAGS_value=
ac_cv_env_CXX_set=
ac_cv_env_CXX_value=
ac_cv_env_LDFLAGS_set=
ac_cv_env_LDFLAGS_value=
ac_cv_env_LIBS_set=
ac_cv_env_LIBS_value=
ac_cv_env_build_alias_set=
ac_cv_env_build_alias_value=
ac_cv_env_host_alias_set=
ac_cv_env_host_alias_value=
ac_cv_env_target_alias_set=
ac_cv_env_target_alias_value=
ac_cv_func_strtoll=yes
ac_cv_func_strtoq=yes
ac_cv_have___int16=0
ac_cv_have_inttypes_h=1
ac_cv_have_stdint_h=1
ac_cv_have_systypes_h=1
ac_cv_have_u_int16_t=1
ac_cv_have_uint16_t=1
ac_cv_header_dlfcn_h=yes
ac_cv_header_fnmatch_h=yes
ac_cv_header_inttypes_h=yes
ac_cv_header_memory_h=yes
ac_cv_header_stdc=yes
ac_cv_header_stdint_h=yes
ac_cv_header_stdlib_h=yes
ac_cv_header_string_h=yes
ac_cv_header_strings_h=yes
ac_cv_header_sys_stat_h=yes
ac_cv_header_sys_types_h=yes
ac_cv_header_unistd_h=yes
ac_cv_host=i386-apple-darwin15.6.0
ac_cv_objext=o
ac_cv_path_EGREP='/usr/bin/grep -E'
ac_cv_path_FGREP='/usr/bin/grep -F'
ac_cv_path_GREP=/usr/bin/grep
ac_cv_path_SED=/usr/bin/sed
ac_cv_path_install='/usr/bin/install -c'
ac_cv_prog_AWK=awk
ac_cv_prog_CPP='gcc -E'
ac_cv_prog_CXXCPP='g++ -E'
ac_cv_prog_ac_ct_AR=ar
ac_cv_prog_ac_ct_CC=gcc
ac_cv_prog_ac_ct_CXX=g++
ac_cv_prog_ac_ct_DSYMUTIL=dsymutil
ac_cv_prog_ac_ct_LIPO=lipo
ac_cv_prog_ac_ct_NMEDIT=nmedit
ac_cv_prog_ac_ct_OTOOL=otool
ac_cv_prog_ac_ct_RANLIB=ranlib
ac_cv_prog_ac_ct_STRIP=strip
ac_cv_prog_cc_c89=
ac_cv_prog_cc_g=yes
ac_cv_prog_cxx_g=yes
ac_cv_prog_make_make_set=yes
ac_cv_type___int16=no
ac_cv_type_u_int16_t=yes
ac_cv_type_uint16_t=yes
am_cv_CC_dependencies_compiler_type=gcc3
am_cv_CXX_dependencies_compiler_type=gcc3
lt_cv_apple_cc_single_mod=yes
lt_cv_deplibs_check_method=pass_all
lt_cv_file_magic_cmd='$MAGIC_CMD'
lt_cv_file_magic_test_file=
lt_cv_ld_exported_symbols_list=yes
lt_cv_ld_reload_flag=-r
lt_cv_nm_interface='BSD nm'
lt_cv_objdir=.libs
lt_cv_path_LD=/Applications/Xcode.app/Contents/Developer/Toolchains/XcodeDefault.xctoolchain/usr/bin/ld
lt_cv_path_LDCXX=/Applications/Xcode.app/Contents/Developer/Toolchains/XcodeDefault.xctoolchain/usr/bin/ld
lt_cv_path_NM='/usr/bin/nm -B'
lt_cv_prog_compiler_c_o=yes
lt_cv_prog_compiler_c_o_CXX=yes
lt_cv_prog_compiler_pic_works=yes
lt_cv_prog_compiler_pic_works_CXX=yes
lt_cv_prog_compiler_rtti_exceptions=yes
lt_cv_prog_compiler_static_works=no
lt_cv_prog_compiler_static_works_CXX=no
lt_cv_prog_gnu_ld=no
lt_cv_prog_gnu_ldcxx=no
lt_cv_sys_global_symbol_pipe='sed -n -e '\''s/^.*[	 ]\([BCDEGRST][BCDEGRST]*\)[	 ][	 ]*_\([_A-Za-z][_A-Za-z0-9]*\)$/\1 _\2 \2/p'\'''
lt_cv_sys_global_symbol_to_c_name_address='sed -n -e '\''s/^: \([^ ]*\) $/  {\"\1\", (void *) 0},/p'\'' -e '\''s/^[BCDEGRST]* \([^ ]*\) \([^ ]*\)$/  {"\2", (void *) \&\2},/p'\'''
lt_cv_sys_global_symbol_to_c_name_address_lib_prefix='sed -n -e '\''s/^: \([^ ]*\) $/  {\"\1\", (void *) 0},/p'\'' -e '\''s/^[BCDEGRST]* \([^ ]*\) \(lib[^ ]*\)$/  {"\2", (void *) \&\2},/p'\'' -e '\''s/^[BCDEGRST]* \([^ ]*\) \([^ ]*\)$/  {"lib\2", (void *) \&\2},/p'\'''
lt_cv_sys_global_symbol_to_cdecl='sed -n -e '\''s/^T .* \(.*\)$/extern int \1();/p'\'' -e '\''s/^[BCDEGRST]* .* \(.*\)$/extern char \1;/p'\'''
lt_cv_sys_max_cmd_len=196608

## ----------------- ##
## Output variables. ##
## ----------------- ##

ACLOCAL='${SHELL} /Users/cheng/workspace/code/python/DLAPP/NLP/kcws-master/third_party/gflags/gflags-2.0/missing --run aclocal-1.10'
AMDEPBACKSLASH='\'
AMDEP_FALSE='#'
AMDEP_TRUE=''
AMTAR='${SHELL} /Users/cheng/workspace/code/python/DLAPP/NLP/kcws-master/third_party/gflags/gflags-2.0/missing --run tar'
AR='ar'
AUTOCONF='${SHELL} /Users/cheng/workspace/code/python/DLAPP/NLP/kcws-master/third_party/gflags/gflags-2.0/missing --run autoconf'
AUTOHEADER='${SHELL} /Users/cheng/workspace/code/python/DLAPP/NLP/kcws-master/third_party/gflags/gflags-2.0/missing --run autoheader'
AUTOMAKE='${SHELL} /Users/cheng/workspace/code/python/DLAPP/NLP/kcws-master/third_party/gflags/gflags-2.0/missing --run automake-1.10'
AWK='awk'
CC='gcc'
CCDEPMODE='depmode=gcc3'
CFLAGS='-g -O2'
CPP='gcc -E'
CPPFLAGS=''
CXX='g++'
CXXCPP='g++ -E'
CXXDEPMODE='depmode=gcc3'
CXXFLAGS='-g -O2'
CYGPATH_W='echo'
DEFS='-DHAVE_CONFIG_H'
DEPDIR='.deps'
DSYMUTIL='dsymutil'
DUMPBIN=''
ECHO_C='\c'
ECHO_N=''
ECHO_T=''
EGREP='/usr/bin/grep -E'
EXEEXT=''
FGREP='/usr/bin/grep -F'
GCC_FALSE='#'
GCC_TRUE=''
GREP='/usr/bin/grep'
INSTALL_DATA='${INSTALL} -m 644'
INSTALL_PROGRAM='${INSTALL}'
INSTALL_SCRIPT='${INSTALL}'
INSTALL_STRIP_PROGRAM='$(install_sh) -c -s'
LD='/Applications/Xcode.app/Contents/Developer/Toolchains/XcodeDefault.xctoolchain/usr/bin/ld'
LDFLAGS=''
LIBOBJS=''
LIBS=''
LIBSTDCXX_LA_LINKER_FLAG=''
LIBTOOL='$(SHELL) $(top_builddir)/libtool'
LIBTOOL_DEPS='./ltmain.sh'
LIPO='lipo'
LN_S='ln -s'
LTLIBOBJS=''
MAKEINFO='${SHELL} /Users/cheng/workspace/code/python/DLAPP/NLP/kcws-master/third_party/gflags/gflags-2.0/missing --run makeinfo'
MKDIR_P='./install-sh -c -d'
NM='/usr/bin/nm -B'
NMEDIT='nmedit'
OBJDUMP='false'
OBJEXT='o'
OTOOL64=':'
OTOOL='otool'
PACKAGE='gflags'
PACKAGE_BUGREPORT='google-gflags@googlegroups.com'
PACKAGE_NAME='gflags'
PACKAGE_STRING='gflags 2.0'
PACKAGE_TARNAME='gflags'
PACKAGE_VERSION='2.0'
PATH_SEPARATOR=':'
PTHREAD_CC='gcc'
PTHREAD_CFLAGS='-D_THREAD_SAFE '
PTHREAD_LIBS=''
RANLIB='ranlib'
SED='/usr/bin/sed'
SET_MAKE=''
SHELL='/bin/sh'
SO_VERSION='3:0:1'
STRIP='strip'
TEST_TMPDIR='/tmp/gflags'
VERSION='2.0'
ac_ct_CC='gcc'
ac_ct_CXX='g++'
ac_ct_DUMPBIN=''
ac_cv___attribute__unused='__attribute__ ((unused))'
ac_cv_have___int16='0'
ac_cv_have_inttypes_h='1'
ac_cv_have_stdint_h='1'
ac_cv_have_systypes_h='1'
ac_cv_have_u_int16_t='1'
ac_cv_have_uint16_t='1'
ac_google_end_namespace='}'
ac_google_namespace='::google'
ac_google_start_namespace='namespace google {'
acx_pthread_config=''
am__fastdepCC_FALSE='#'
am__fastdepCC_TRUE=''
am__fastdepCXX_FALSE='#'
am__fastdepCXX_TRUE=''
am__include='include'
am__isrc=''
am__leading_dot='.'
am__quote=''
am__tar='${AMTAR} chof - "$$tardir"'
am__untar='${AMTAR} xf -'
bindir='${exec_prefix}/bin'
build='i386-apple-darwin15.6.0'
build_alias=''
build_cpu='i386'
build_os='darwin15.6.0'
build_vendor='apple'
datadir='${datarootdir}'
datarootdir='${prefix}/share'
docdir='${datarootdir}/doc/${PACKAGE_TARNAME}'
dvidir='${docdir}'
exec_prefix='${prefix}'
host='i386-apple-darwin15.6.0'
host_alias=''
host_cpu='i386'
host_os='darwin15.6.0'
host_vendor='apple'
htmldir='${docdir}'
includedir='${prefix}/include'
infodir='${datarootdir}/info'
install_sh='$(SHELL) /Users/cheng/workspace/code/python/DLAPP/NLP/kcws-master/third_party/gflags/gflags-2.0/install-sh'
libdir='${exec_prefix}/lib'
libexecdir='${exec_prefix}/libexec'
localedir='${datarootdir}/locale'
localstatedir='${prefix}/var'
lt_ECHO='/bin/echo'
mandir='${datarootdir}/man'
mkdir_p='$(top_builddir)/./install-sh -c -d'
oldincludedir='/usr/include'
pdfdir='${docdir}'
prefix='/usr/local'
program_transform_name='s,x,x,'
psdir='${docdir}'
sbindir='${exec_prefix}/sbin'
sharedstatedir='${prefix}/com'
sysconfdir='${prefix}/etc'
target_alias=''

## ----------- ##
## confdefs.h. ##
## ----------- ##

#define PACKAGE_NAME "gflags"
#define PACKAGE_TARNAME "gflags"
#define PACKAGE_VERSION "2.0"
#define PACKAGE_STRING "gflags 2.0"
#define PACKAGE_BUGREPORT "google-gflags@googlegroups.com"
#define PACKAGE "gflags"
#define VERSION "2.0"
#define STDC_HEADERS 1
#define HAVE_SYS_TYPES_H 1
#define HAVE_SYS_STAT_H 1
#define HAVE_STDLIB_H 1
#define HAVE_STRING_H 1
#define HAVE_MEMORY_H 1
#define HAVE_STRINGS_H 1
#define HAVE_INTTYPES_H 1
#define HAVE_STDINT_H 1
#define HAVE_UNISTD_H 1
#define HAVE_DLFCN_H 1
#define LT_OBJDIR ".libs/"
#define STDC_HEADERS 1
#define HAVE_FNMATCH_H 1
#define HAVE_SYS_STAT_H 1
#define HAVE_UNISTD_H 1
#define HAVE_STRTOLL 1
#define HAVE_STRTOQ 1
#define HAVE___ATTRIBUTE__ 1
#define HAVE_PTHREAD 1
#define HAVE_NAMESPACES 1
#define STL_NAMESPACE std
#define GOOGLE_NAMESPACE ::google
#define _START_GOOGLE_NAMESPACE_ namespace google {
#define _END_GOOGLE_NAMESPACE_ }
#define GFLAGS_DLL_DECL /**/

configure: exit 0
